This is pdfTeX, Version 3.14159265-2.6-1.40.21 (MiKTeX 2.9.7300 64-bit) (preloaded format=pdflatex 2020.3.11)  11 MAR 2020 23:39
entering extended mode
**./report.tex
(report.tex
LaTeX2e <2020-02-02> patch level 5
L3 programming layer <2020-03-06>
("C:\Users\Aleja\AppData\Local\Programs\MiKTeX 2.9\tex/latex/base\article.cls"
Document Class: article 2019/12/20 v1.4l Standard LaTeX document class
("C:\Users\Aleja\AppData\Local\Programs\MiKTeX 2.9\tex/latex/base\size10.clo"
File: size10.clo 2019/12/20 v1.4l Standard LaTeX file (size option)
)
\c@part=\count167
\c@section=\count168
\c@subsection=\count169
\c@subsubsection=\count170
\c@paragraph=\count171
\c@subparagraph=\count172
\c@figure=\count173
\c@table=\count174
\abovecaptionskip=\skip47
\belowcaptionskip=\skip48
\bibindent=\dimen134
) ("C:\Users\Aleja\AppData\Local\Programs\MiKTeX 2.9\tex/latex/base\fontenc.sty
"
Package: fontenc 2020/02/11 v2.0o Standard LaTeX package
) ("C:\Users\Aleja\AppData\Local\Programs\MiKTeX 2.9\tex/latex/float\float.sty"
Package: float 2001/11/08 v1.3d Float enhancements (AL)
\c@float@type=\count175
\float@exts=\toks15
\float@box=\box45
\@float@everytoks=\toks16
\@floatcapt=\box46
)
("C:\Users\Aleja\AppData\Local\Programs\MiKTeX 2.9\tex/latex/amsmath\amsmath.st
y"
Package: amsmath 2020/01/20 v2.17e AMS math features
\@mathmargin=\skip49

For additional information on amsmath, use the `?' option.

("C:\Users\Aleja\AppData\Local\Programs\MiKTeX 2.9\tex/latex/amsmath\amstext.st
y"
Package: amstext 2000/06/29 v2.01 AMS text

("C:\Users\Aleja\AppData\Local\Programs\MiKTeX 2.9\tex/latex/amsmath\amsgen.sty
"
File: amsgen.sty 1999/11/30 v2.0 generic functions
\@emptytoks=\toks17
\ex@=\dimen135
))
("C:\Users\Aleja\AppData\Local\Programs\MiKTeX 2.9\tex/latex/amsmath\amsbsy.sty
"
Package: amsbsy 1999/11/29 v1.2d Bold Symbols
\pmbraise@=\dimen136
)
("C:\Users\Aleja\AppData\Local\Programs\MiKTeX 2.9\tex/latex/amsmath\amsopn.sty
"
Package: amsopn 2016/03/08 v2.02 operator names
)
\inf@bad=\count176
LaTeX Info: Redefining \frac on input line 227.
\uproot@=\count177
\leftroot@=\count178
LaTeX Info: Redefining \overline on input line 389.
\classnum@=\count179
\DOTSCASE@=\count180
LaTeX Info: Redefining \ldots on input line 486.
LaTeX Info: Redefining \dots on input line 489.
LaTeX Info: Redefining \cdots on input line 610.
\Mathstrutbox@=\box47
\strutbox@=\box48
\big@size=\dimen137
LaTeX Font Info:    Redeclaring font encoding OML on input line 733.
LaTeX Font Info:    Redeclaring font encoding OMS on input line 734.
\macc@depth=\count181
\c@MaxMatrixCols=\count182
\dotsspace@=\muskip16
\c@parentequation=\count183
\dspbrk@lvl=\count184
\tag@help=\toks18
\row@=\count185
\column@=\count186
\maxfields@=\count187
\andhelp@=\toks19
\eqnshift@=\dimen138
\alignsep@=\dimen139
\tagshift@=\dimen140
\tagwidth@=\dimen141
\totwidth@=\dimen142
\lineht@=\dimen143
\@envbody=\toks20
\multlinegap=\skip50
\multlinetaggap=\skip51
\mathdisplay@stack=\toks21
LaTeX Info: Redefining \[ on input line 2859.
LaTeX Info: Redefining \] on input line 2860.
)
("C:\Users\Aleja\AppData\Local\Programs\MiKTeX 2.9\tex/latex/graphics\graphicx.
sty"
Package: graphicx 2019/11/30 v1.2a Enhanced LaTeX Graphics (DPC,SPQR)

("C:\Users\Aleja\AppData\Local\Programs\MiKTeX 2.9\tex/latex/graphics\keyval.st
y"
Package: keyval 2014/10/28 v1.15 key=value parser (DPC)
\KV@toks@=\toks22
)
("C:\Users\Aleja\AppData\Local\Programs\MiKTeX 2.9\tex/latex/graphics\graphics.
sty"
Package: graphics 2019/11/30 v1.4a Standard LaTeX Graphics (DPC,SPQR)

("C:\Users\Aleja\AppData\Local\Programs\MiKTeX 2.9\tex/latex/graphics\trig.sty"
Package: trig 2016/01/03 v1.10 sin cos tan (DPC)
)
("C:\Users\Aleja\AppData\Local\Programs\MiKTeX 2.9\tex/latex/graphics-cfg\graph
ics.cfg"
File: graphics.cfg 2016/06/04 v1.11 sample graphics configuration
)
Package graphics Info: Driver file: pdftex.def on input line 105.

("C:\Users\Aleja\AppData\Local\Programs\MiKTeX 2.9\tex/latex/graphics-def\pdfte
x.def"
File: pdftex.def 2018/01/08 v1.0l Graphics/color driver for pdftex
))
\Gin@req@height=\dimen144
\Gin@req@width=\dimen145
)
("C:\Users\Aleja\AppData\Local\Programs\MiKTeX 2.9\tex/latex/caption\subcaption
.sty"
Package: subcaption 2020/01/22 v1.3d Sub-captions (AR)

("C:\Users\Aleja\AppData\Local\Programs\MiKTeX 2.9\tex/latex/caption\caption.st
y"
Package: caption 2020/01/03 v3.4h Customizing captions (AR)

("C:\Users\Aleja\AppData\Local\Programs\MiKTeX 2.9\tex/latex/caption\caption3.s
ty"
Package: caption3 2020/01/03 v1.8h caption3 kernel (AR)
Package caption3 Info: TeX engine: e-TeX on input line 61.
\captionmargin=\dimen146
\captionmargin@=\dimen147
\captionwidth=\dimen148
\caption@tempdima=\dimen149
\caption@indent=\dimen150
\caption@parindent=\dimen151
\caption@hangindent=\dimen152
Package caption Info: Standard document class detected.
)
\c@caption@flags=\count188
\c@continuedfloat=\count189
Package caption Info: float package is loaded.
)
\c@subfigure=\count190
\c@subtable=\count191
)
("C:\Users\Aleja\AppData\Local\Programs\MiKTeX 2.9\tex/generic/babel\babel.sty"
Package: babel 2020/02/28 3.41 The Babel package
("C:\Users\Aleja\AppData\Local\Programs\MiKTeX 2.9\tex/generic/babel\switch.def
"
File: switch.def 2020/02/28 3.41 Babel switching mechanism
)
*************************************
* Local config file bblopts.cfg used
*
("C:\Users\Aleja\AppData\Local\Programs\MiKTeX 2.9\tex/latex/arabi\bblopts.cfg"
File: bblopts.cfg 2005/09/08 v0.1 add Arabic and Farsi to "declared" options of
 babel
)
("C:\Users\Aleja\AppData\Local\Programs\MiKTeX 2.9\tex/latex/babel-english\engl
ish.ldf"
Language: english 2017/06/06 v3.3r English support from the babel system

("C:\Users\Aleja\AppData\Local\Programs\MiKTeX 2.9\tex/generic/babel\babel.def"
File: babel.def 2020/02/28 3.41 Babel common definitions
\babel@savecnt=\count192
\U@D=\dimen153

("C:\Users\Aleja\AppData\Local\Programs\MiKTeX 2.9\tex/generic/babel\txtbabel.d
ef")
\bbl@readstream=\read2
\bbl@dirlevel=\count193
)
Package babel Info: \l@canadian = using hyphenrules for english
(babel)             (\language0) on input line 102.
Package babel Info: \l@australian = using hyphenrules for ukenglish
(babel)             (\language72) on input line 105.
Package babel Info: \l@newzealand = using hyphenrules for ukenglish
(babel)             (\language72) on input line 108.
))
("C:\Users\Aleja\AppData\Local\Programs\MiKTeX 2.9\tex/latex/l3backend\l3backen
d-pdfmode.def"
File: l3backend-pdfmode.def 2020-02-23 L3 backend support: PDF mode
\l__kernel_color_stack_int=\count194
\l__pdf_internal_box=\box49
) (report.aux)
\openout1 = `report.aux'.

LaTeX Font Info:    Checking defaults for OML/cmm/m/it on input line 20.
LaTeX Font Info:    ... okay on input line 20.
LaTeX Font Info:    Checking defaults for OMS/cmsy/m/n on input line 20.
LaTeX Font Info:    ... okay on input line 20.
LaTeX Font Info:    Checking defaults for OT1/cmr/m/n on input line 20.
LaTeX Font Info:    ... okay on input line 20.
LaTeX Font Info:    Checking defaults for T1/cmr/m/n on input line 20.
LaTeX Font Info:    ... okay on input line 20.
LaTeX Font Info:    Checking defaults for TS1/cmr/m/n on input line 20.
LaTeX Font Info:    ... okay on input line 20.
LaTeX Font Info:    Checking defaults for OMX/cmex/m/n on input line 20.
LaTeX Font Info:    ... okay on input line 20.
LaTeX Font Info:    Checking defaults for U/cmr/m/n on input line 20.
LaTeX Font Info:    ... okay on input line 20.

("C:\Users\Aleja\AppData\Local\Programs\MiKTeX 2.9\tex/context/base/mkii\supp-p
df.mkii"
[Loading MPS to PDF converter (version 2006.09.02).]
\scratchcounter=\count195
\scratchdimen=\dimen154
\scratchbox=\box50
\nofMPsegments=\count196
\nofMParguments=\count197
\everyMPshowfont=\toks23
\MPscratchCnt=\count198
\MPscratchDim=\dimen155
\MPnumerator=\count199
\makeMPintoPDFobject=\count266
\everyMPtoPDFconversion=\toks24
)
("C:\Users\Aleja\AppData\Local\Programs\MiKTeX 2.9\tex/latex/epstopdf-pkg\epsto
pdf-base.sty"
Package: epstopdf-base 2020-01-24 v2.11 Base part for package epstopdf
Package epstopdf-base Info: Redefining graphics rule for `.eps' on input line 4
85.
)
Package caption Info: Begin \AtBeginDocument code.
Package caption Info: End \AtBeginDocument code.
<./images/src.png, id=1, 575.14874pt x 394.47375pt>
File: ./images/src.png Graphic file (type png)
<use ./images/src.png>
Package pdftex.def Info: ./images/src.png  used on input line 34.
(pdftex.def)             Requested size: 289.07999pt x 198.27168pt.
 [1

{C:/Users/Aleja/AppData/Local/MiKTeX/2.9/pdftex/config/pdftex.map} <./images/sr
c.png>]
<./images/gray.png, id=13, 579.16376pt x 393.47pt>
File: ./images/gray.png Graphic file (type png)
<use ./images/gray.png>
Package pdftex.def Info: ./images/gray.png  used on input line 42.
(pdftex.def)             Requested size: 289.07999pt x 196.39229pt.
<./images/color.png, id=14, 577.15625pt x 394.47375pt>
File: ./images/color.png Graphic file (type png)
<use ./images/color.png>
Package pdftex.def Info: ./images/color.png  used on input line 48.
(pdftex.def)             Requested size: 289.07999pt x 197.5855pt.
<./images/yCrCb.png, id=15, 578.16pt x 396.48125pt>
File: ./images/yCrCb.png Graphic file (type png)
<use ./images/yCrCb.png>
Package pdftex.def Info: ./images/yCrCb.png  used on input line 54.
(pdftex.def)             Requested size: 289.07999pt x 198.24013pt.
 [2 <./images/gray.png>] [3 <./images/color.png> <./images/yCrCb.png>]
<./images/grayHist.png, id=25, 582.175pt x 431.6125pt>
File: ./images/grayHist.png Graphic file (type png)
<use ./images/grayHist.png>
Package pdftex.def Info: ./images/grayHist.png  used on input line 63.
(pdftex.def)             Requested size: 289.07999pt x 214.32388pt.
<./images/grayEqualizedHist.png, id=26, 571.13374pt x 413.545pt>
File: ./images/grayEqualizedHist.png Graphic file (type png)
<use ./images/grayEqualizedHist.png>
Package pdftex.def Info: ./images/grayEqualizedHist.png  used on input line 69.

(pdftex.def)             Requested size: 289.07999pt x 209.31499pt.
 [4 <./images/grayHist.png>]
<./images/gamma.png, id=31, 578.16pt x 392.46625pt>
File: ./images/gamma.png Graphic file (type png)
<use ./images/gamma.png>
Package pdftex.def Info: ./images/gamma.png  used on input line 77.
(pdftex.def)             Requested size: 289.07999pt x 196.23264pt.
<./images/gammaHist.png, id=32, 578.16pt x 423.5825pt>
File: ./images/gammaHist.png Graphic file (type png)
<use ./images/gammaHist.png>
Package pdftex.def Info: ./images/gammaHist.png  used on input line 83.
(pdftex.def)             Requested size: 289.07999pt x 211.79073pt.
 [5 <./images/grayEqualizedHist.png>] [6 <./images/gamma.png> <./images/gammaHi
st.png>]
<./images/Images2/image1.png, id=42, 1021.56656pt x 384.6872pt>
File: ./images/Images2/image1.png Graphic file (type png)
<use ./images/Images2/image1.png>
Package pdftex.def Info: ./images/Images2/image1.png  used on input line 94.
(pdftex.def)             Requested size: 289.07999pt x 108.8563pt.
<./images/Images2/image2.png, id=43, 1022.31938pt x 386.94562pt>
File: ./images/Images2/image2.png Graphic file (type png)
<use ./images/Images2/image2.png>
Package pdftex.def Info: ./images/Images2/image2.png  used on input line 102.
(pdftex.def)             Requested size: 289.07999pt x 109.4127pt.
 [7 <./images/Images2/image1.png> <./images/Images2/image2.png>]
<./images/Images2/image3.png, id=55, 378.66469pt x 520.94624pt>
File: ./images/Images2/image3.png Graphic file (type png)
<use ./images/Images2/image3.png>
Package pdftex.def Info: ./images/Images2/image3.png  used on input line 127.
(pdftex.def)             Requested size: 105.06047pt x 144.54pt.
<./images/Images2/BW_lanes.png, id=56, 374.90062pt x 517.935pt>
File: ./images/Images2/BW_lanes.png Graphic file (type png)
<use ./images/Images2/BW_lanes.png>
Package pdftex.def Info: ./images/Images2/BW_lanes.png  used on input line 136.

(pdftex.def)             Requested size: 104.6225pt x 144.54pt.
 [8 <./images/Images2/image3.png>]
<./images/Images2/image4.png, id=61, 478.03593pt x 333.49594pt>
File: ./images/Images2/image4.png Graphic file (type png)
<use ./images/Images2/image4.png>
Package pdftex.def Info: ./images/Images2/image4.png  used on input line 145.
(pdftex.def)             Requested size: 289.07999pt x 201.67151pt.
<./images/Images2/edges.png, id=62, 133.24782pt x 514.92375pt>
File: ./images/Images2/edges.png Graphic file (type png)
<use ./images/Images2/edges.png>
Package pdftex.def Info: ./images/Images2/edges.png  used on input line 154.
(pdftex.def)             Requested size: 37.40265pt x 144.54pt.
 [9 <./images/Images2/BW_lanes.png> <./images/Images2/image4.png>]
<images/Lines.png, id=68, 190.46156pt x 587.94656pt>
File: images/Lines.png Graphic file (type png)
<use images/Lines.png>
Package pdftex.def Info: images/Lines.png  used on input line 164.
(pdftex.def)             Requested size: 55.88051pt x 172.5pt.
 [10 <./images/Images2/edges.png> <./images/Lines.png>]
<./images/Images2/image5.png, id=74, 374.14781pt x 527.72156pt>
File: ./images/Images2/image5.png Graphic file (type png)
<use ./images/Images2/image5.png>
Package pdftex.def Info: ./images/Images2/image5.png  used on input line 216.
(pdftex.def)             Requested size: 102.47705pt x 144.54pt.
 [11 <./images/Images2/image5.png>]
<./images/Images2/image6.png, id=80, 957.5775pt x 376.40625pt>
File: ./images/Images2/image6.png Graphic file (type png)
<use ./images/Images2/image6.png>
Package pdftex.def Info: ./images/Images2/image6.png  used on input line 230.
(pdftex.def)             Requested size: 289.07999pt x 113.62918pt.
<./images/Images2/image7.png, id=81, 893.58844pt x 238.64156pt>
File: ./images/Images2/image7.png Graphic file (type png)
<use ./images/Images2/image7.png>
Package pdftex.def Info: ./images/Images2/image7.png  used on input line 240.
(pdftex.def)             Requested size: 289.07999pt x 77.20073pt.
<images/Center.png, id=82, 380.92313pt x 568.37344pt>
File: images/Center.png Graphic file (type png)
<use images/Center.png>
Package pdftex.def Info: images/Center.png  used on input line 250.
(pdftex.def)             Requested size: 241.49895pt x 360.33206pt.
 [12 <./images/Images2/image6.png> <./images/Images2/image7.png>]
<images/Center2.png, id=88, 1042.64531pt x 188.95593pt>
File: images/Center2.png Graphic file (type png)
<use images/Center2.png>
Package pdftex.def Info: images/Center2.png  used on input line 256.
(pdftex.def)             Requested size: 310.4979pt x 56.26913pt.
 [13 <./images/Center.png> <./images/Center2.png>]
<images/Turning.png, id=95, 711.4078pt x 241.65282pt>
File: images/Turning.png Graphic file (type png)
<use images/Turning.png>
Package pdftex.def Info: images/Turning.png  used on input line 264.
(pdftex.def)             Requested size: 310.4979pt x 105.4721pt.
 [14 <./images/Turning.png>] (report.aux) ) 
Here is how much of TeX's memory you used:
 3953 strings out of 480934
 60360 string characters out of 2899917
 307822 words of memory out of 3000000
 19782 multiletter control sequences out of 15000+200000
 540823 words of font info for 44 fonts, out of 3000000 for 9000
 1141 hyphenation exceptions out of 8191
 48i,8n,46p,1597b,312s stack positions out of 5000i,500n,10000p,200000b,50000s
 <C:\Users\Aleja\AppData\Local\MiKTe
X\2.9\fonts/pk/ljfour/jknappen/ec/dpi600\ecrm1000.pk> <C:\Users\Aleja\AppData\L
ocal\MiKTeX\2.9\fonts/pk/ljfour/jknappen/ec/dpi600\ecbx1000.pk> <C:\Users\Aleja
\AppData\Local\MiKTeX\2.9\fonts/pk/ljfour/jknappen/ec/dpi600\ecbx2074.pk> <C:\U
sers\Aleja\AppData\Local\MiKTeX\2.9\fonts/pk/ljfour/jknappen/ec/dpi600\ecrm1200
.pk> <C:\Users\Aleja\AppData\Local\MiKTeX\2.9\fonts/pk/ljfour/jknappen/ec/dpi60
0\ecrm1728.pk><C:/Users/Aleja/AppData/Local/Programs/MiKTeX 2.9/fonts/type1/pub
lic/amsfonts/cm/cmex10.pfb><C:/Users/Aleja/AppData/Local/Programs/MiKTeX 2.9/fo
nts/type1/public/amsfonts/cm/cmmi10.pfb><C:/Users/Aleja/AppData/Local/Programs/
MiKTeX 2.9/fonts/type1/public/amsfonts/cm/cmmi7.pfb><C:/Users/Aleja/AppData/Loc
al/Programs/MiKTeX 2.9/fonts/type1/public/amsfonts/cm/cmr10.pfb><C:/Users/Aleja
/AppData/Local/Programs/MiKTeX 2.9/fonts/type1/public/amsfonts/cm/cmr7.pfb><C:/
Users/Aleja/AppData/Local/Programs/MiKTeX 2.9/fonts/type1/public/amsfonts/cm/cm
sy10.pfb>
Output written on report.pdf (14 pages, 8256104 bytes).
PDF statistics:
 290 PDF objects out of 1000 (max. 8388607)
 0 named destinations out of 1000 (max. 500000)
 106 words of extra memory for PDF output out of 10000 (max. 10000000)

